20:53:40:401  INFO 28564 --- [main] com.hmall.cart.CartApplication           : The following 1 profile is active: "local"
20:53:41:568  INFO 28564 --- [main] o.s.cloud.context.scope.GenericScope     : BeanFactory id=2b3cc03d-df35-34bf-8c2e-7ba156d47813
20:53:42:113  INFO 28564 --- [main] o.s.b.w.embedded.tomcat.TomcatWebServer  : Tomcat initialized with port(s): 8082 (http)
20:53:42:113  INFO 28564 --- [main] o.a.catalina.core.AprLifecycleListener   : An older version [1.2.25] of the Apache Tomcat Native library is installed, while Tomcat recommends a minimum version of [1.2.30]
20:53:42:113  INFO 28564 --- [main] o.a.catalina.core.AprLifecycleListener   : Loaded Apache Tomcat Native library [1.2.25] using APR version [1.7.0].
20:53:42:115  INFO 28564 --- [main] o.a.catalina.core.AprLifecycleListener   : APR capabilities: IPv6 [true], sendfile [true], accept filters [false], random [true], UDS [false].
20:53:42:115  INFO 28564 --- [main] o.a.catalina.core.AprLifecycleListener   : APR/OpenSSL configuration: useAprConnector [false], useOpenSSL [true]
20:53:42:135  INFO 28564 --- [main] o.a.catalina.core.AprLifecycleListener   : OpenSSL successfully initialized [OpenSSL 1.1.1g  21 Apr 2020]
20:53:42:142  INFO 28564 --- [main] o.apache.catalina.core.StandardService   : Starting service [Tomcat]
20:53:42:144  INFO 28564 --- [main] org.apache.catalina.core.StandardEngine  : Starting Servlet engine: [Apache Tomcat/9.0.75]
20:53:42:309  INFO 28564 --- [main] o.a.c.c.C.[Tomcat].[localhost].[/]       : Initializing Spring embedded WebApplicationContext
20:53:42:309  INFO 28564 --- [main] w.s.c.ServletWebServerApplicationContext : Root WebApplicationContext: initialization completed in 1887 ms
20:53:43:531  INFO 28564 --- [main] o.s.cloud.commons.util.InetUtils         : Cannot determine local hostname
20:53:44:562  INFO 28564 --- [main] o.s.cloud.commons.util.InetUtils         : Cannot determine local hostname
20:53:44:727  INFO 28564 --- [main] o.s.c.openfeign.FeignClientFactoryBean   : For 'item-service' URL not provided. Will try picking an instance via load-balancing.
20:53:45:235  INFO 28564 --- [main] c.a.c.sentinel.SentinelWebMvcConfigurer  : [Sentinel Starter] register SentinelWebInterceptor with urlPatterns: [/**].
20:53:45:454  INFO 28564 --- [main] pertySourcedRequestMappingHandlerMapping : Mapped URL path [/v2/api-docs] onto method [springfox.documentation.swagger2.web.Swagger2ControllerWebMvc#getDocumentation(String, HttpServletRequest)]
20:53:45:613  INFO 28564 --- [main] com.alibaba.nacos.common.remote.client   : [RpcClientFactory] create a new rpc client of 1a5ada66-ef8f-415f-a4ca-fd89b18e153e
20:53:45:613  INFO 28564 --- [main] com.alibaba.nacos.common.remote.client   : [1a5ada66-ef8f-415f-a4ca-fd89b18e153e] RpcClient init label, labels = {module=naming, source=sdk}
20:53:45:614  INFO 28564 --- [main] com.alibaba.nacos.common.remote.client   : [1a5ada66-ef8f-415f-a4ca-fd89b18e153e] RpcClient init, ServerListFactory = com.alibaba.nacos.client.naming.core.ServerListManager
20:53:45:614  INFO 28564 --- [main] com.alibaba.nacos.common.remote.client   : [1a5ada66-ef8f-415f-a4ca-fd89b18e153e] Registry connection listener to current client:com.alibaba.nacos.client.naming.remote.gprc.redo.NamingGrpcRedoService
20:53:45:614  INFO 28564 --- [main] com.alibaba.nacos.common.remote.client   : [1a5ada66-ef8f-415f-a4ca-fd89b18e153e] Register server push request handler:com.alibaba.nacos.client.naming.remote.gprc.NamingPushRequestHandler
20:53:45:614  INFO 28564 --- [main] com.alibaba.nacos.common.remote.client   : [1a5ada66-ef8f-415f-a4ca-fd89b18e153e] Try to connect to server on start up, server: {serverIp = '192.168.147.136', server main port = 8848}
20:53:45:742  INFO 28564 --- [main] com.alibaba.nacos.common.remote.client   : [1a5ada66-ef8f-415f-a4ca-fd89b18e153e] Success to connect to server [192.168.147.136:8848] on start up, connectionId = 1776084826314_192.168.147.1_59260
20:53:45:742  INFO 28564 --- [main] com.alibaba.nacos.common.remote.client   : [1a5ada66-ef8f-415f-a4ca-fd89b18e153e] Register server push request handler:com.alibaba.nacos.common.remote.client.RpcClient$ConnectResetRequestHandler
20:53:45:742  INFO 28564 --- [com.alibaba.nacos.client.remote.worker] com.alibaba.nacos.common.remote.client   : [1a5ada66-ef8f-415f-a4ca-fd89b18e153e] Notify connected event to listeners.
20:53:45:742  INFO 28564 --- [main] com.alibaba.nacos.common.remote.client   : [1a5ada66-ef8f-415f-a4ca-fd89b18e153e] Register server push request handler:com.alibaba.nacos.common.remote.client.RpcClient$$Lambda/0x000001a2814ff120
20:53:45:845  INFO 28564 --- [main] o.s.b.w.embedded.tomcat.TomcatWebServer  : Tomcat started on port(s): 8082 (http) with context path ''
20:53:46:427  INFO 28564 --- [nacos-grpc-client-executor-5] com.alibaba.nacos.common.remote.client   : [1a5ada66-ef8f-415f-a4ca-fd89b18e153e] Receive server push request, request = NotifySubscriberRequest, requestId = 2
20:53:46:429  INFO 28564 --- [nacos-grpc-client-executor-5] com.alibaba.nacos.common.remote.client   : [1a5ada66-ef8f-415f-a4ca-fd89b18e153e] Ack server push request, request = NotifySubscriberRequest, requestId = 2
20:53:46:861  INFO 28564 --- [main] o.s.cloud.commons.util.InetUtils         : Cannot determine local hostname
20:53:46:889  INFO 28564 --- [main] c.a.c.n.registry.NacosServiceRegistry    : nacos registry, DEFAULT_GROUP cart-service 192.168.172.1:8082 register finished
20:53:46:889  INFO 28564 --- [main] d.s.w.p.DocumentationPluginsBootstrapper : Documentation plugins bootstrapped
20:53:46:890  INFO 28564 --- [main] d.s.w.p.DocumentationPluginsBootstrapper : Found 1 custom documentation plugin(s)
20:53:46:908  INFO 28564 --- [main] s.d.s.w.s.ApiListingReferenceScanner     : Scanning for api listing references
20:53:46:973  INFO 28564 --- [main] com.hmall.cart.CartApplication           : Started CartApplication in 11.169 seconds (JVM running for 11.914)
20:53:46:978  INFO 28564 --- [main] c.a.c.n.refresh.NacosContextRefresher    : [Nacos Config] Listening config: dataId=cart-service, group=DEFAULT_GROUP
20:53:46:980  INFO 28564 --- [main] c.a.c.n.refresh.NacosContextRefresher    : [Nacos Config] Listening config: dataId=cart-service.yaml, group=DEFAULT_GROUP
20:53:46:980  INFO 28564 --- [main] c.a.c.n.refresh.NacosContextRefresher    : [Nacos Config] Listening config: dataId=cart-service-local.yaml, group=DEFAULT_GROUP
20:53:47:503  INFO 28564 --- [nacos-grpc-client-executor-9] com.alibaba.nacos.common.remote.client   : [1a5ada66-ef8f-415f-a4ca-fd89b18e153e] Receive server push request, request = NotifySubscriberRequest, requestId = 3
20:53:47:504  INFO 28564 --- [nacos-grpc-client-executor-9] com.alibaba.nacos.common.remote.client   : [1a5ada66-ef8f-415f-a4ca-fd89b18e153e] Ack server push request, request = NotifySubscriberRequest, requestId = 3
20:54:54:585  INFO 28564 --- [http-nio-8082-exec-1] o.a.c.c.C.[Tomcat].[localhost].[/]       : Initializing Spring DispatcherServlet 'dispatcherServlet'
20:54:54:585  INFO 28564 --- [http-nio-8082-exec-1] o.s.web.servlet.DispatcherServlet        : Initializing Servlet 'dispatcherServlet'
20:54:54:587  INFO 28564 --- [http-nio-8082-exec-1] o.s.web.servlet.DispatcherServlet        : Completed initialization in 2 ms
20:54:54:718  WARN 28564 --- [http-nio-8082-exec-1] c.b.m.c.t.support.ReflectLambdaMeta      : Unable to make field private final java.lang.Class java.lang.invoke.SerializedLambda.capturingClass accessible: module java.base does not "opens java.lang.invoke" to unnamed module @610f7aa
20:54:54:727  INFO 28564 --- [http-nio-8082-exec-1] com.zaxxer.hikari.HikariDataSource       : HikariPool-1 - Starting...
20:54:54:901  INFO 28564 --- [http-nio-8082-exec-1] com.zaxxer.hikari.HikariDataSource       : HikariPool-1 - Start completed.
20:54:54:906 DEBUG 28564 --- [http-nio-8082-exec-1] c.h.cart.mapper.CartMapper.selectList    : ==>  Preparing: SELECT id,user_id,item_id,num,name,spec,price,image,create_time,update_time FROM cart WHERE (user_id = ?)
20:54:54:928 DEBUG 28564 --- [http-nio-8082-exec-1] c.h.cart.mapper.CartMapper.selectList    : ==> Parameters: 1(Long)
20:54:54:949 DEBUG 28564 --- [http-nio-8082-exec-1] c.h.cart.mapper.CartMapper.selectList    : <==      Total: 1
20:54:55:588  INFO 28564 --- [nacos-grpc-client-executor-29] com.alibaba.nacos.common.remote.client   : [1a5ada66-ef8f-415f-a4ca-fd89b18e153e] Receive server push request, request = NotifySubscriberRequest, requestId = 15
20:54:55:589  INFO 28564 --- [nacos-grpc-client-executor-29] com.alibaba.nacos.common.remote.client   : [1a5ada66-ef8f-415f-a4ca-fd89b18e153e] Ack server push request, request = NotifySubscriberRequest, requestId = 15
20:55:03:751 DEBUG 28564 --- [http-nio-8082-exec-2] c.h.cart.mapper.CartMapper.selectList    : ==>  Preparing: SELECT id,user_id,item_id,num,name,spec,price,image,create_time,update_time FROM cart WHERE (user_id = ?)
20:55:03:751 DEBUG 28564 --- [http-nio-8082-exec-2] c.h.cart.mapper.CartMapper.selectList    : ==> Parameters: 1(Long)
20:55:03:753 DEBUG 28564 --- [http-nio-8082-exec-2] c.h.cart.mapper.CartMapper.selectList    : <==      Total: 1
20:55:04:407 DEBUG 28564 --- [http-nio-8082-exec-4] c.h.cart.mapper.CartMapper.selectList    : ==>  Preparing: SELECT id,user_id,item_id,num,name,spec,price,image,create_time,update_time FROM cart WHERE (user_id = ?)
20:55:04:407 DEBUG 28564 --- [http-nio-8082-exec-4] c.h.cart.mapper.CartMapper.selectList    : ==> Parameters: 1(Long)
20:55:04:411 DEBUG 28564 --- [http-nio-8082-exec-4] c.h.cart.mapper.CartMapper.selectList    : <==      Total: 1
20:55:17:037 DEBUG 28564 --- [http-nio-8082-exec-6] c.h.cart.mapper.CartMapper.selectList    : ==>  Preparing: SELECT id,user_id,item_id,num,name,spec,price,image,create_time,update_time FROM cart WHERE (user_id = ?)
20:55:17:038 DEBUG 28564 --- [http-nio-8082-exec-6] c.h.cart.mapper.CartMapper.selectList    : ==> Parameters: 1(Long)
20:55:17:039 DEBUG 28564 --- [http-nio-8082-exec-6] c.h.cart.mapper.CartMapper.selectList    : <==      Total: 1
20:55:41:928 DEBUG 28564 --- [http-nio-8082-exec-5] c.h.cart.mapper.CartMapper.selectList    : ==>  Preparing: SELECT id,user_id,item_id,num,name,spec,price,image,create_time,update_time FROM cart WHERE (user_id = ?)
20:55:41:928 DEBUG 28564 --- [http-nio-8082-exec-5] c.h.cart.mapper.CartMapper.selectList    : ==> Parameters: 1(Long)
20:55:41:931 DEBUG 28564 --- [http-nio-8082-exec-5] c.h.cart.mapper.CartMapper.selectList    : <==      Total: 1
20:55:56:242 DEBUG 28564 --- [http-nio-8082-exec-3] c.h.cart.mapper.CartMapper.selectList    : ==>  Preparing: SELECT id,user_id,item_id,num,name,spec,price,image,create_time,update_time FROM cart WHERE (user_id = ?)
20:55:56:242 DEBUG 28564 --- [http-nio-8082-exec-3] c.h.cart.mapper.CartMapper.selectList    : ==> Parameters: 1(Long)
20:55:56:245 DEBUG 28564 --- [http-nio-8082-exec-3] c.h.cart.mapper.CartMapper.selectList    : <==      Total: 1
20:56:02:031 DEBUG 28564 --- [http-nio-8082-exec-7] c.h.cart.mapper.CartMapper.updateById    : ==>  Preparing: UPDATE cart SET num=? WHERE id=?
20:56:02:031 DEBUG 28564 --- [http-nio-8082-exec-7] c.h.cart.mapper.CartMapper.updateById    : ==> Parameters: 2(Integer), 20(Long)
20:56:02:093 DEBUG 28564 --- [http-nio-8082-exec-7] c.h.cart.mapper.CartMapper.updateById    : <==    Updates: 1
20:56:02:104 DEBUG 28564 --- [http-nio-8082-exec-8] c.h.cart.mapper.CartMapper.selectList    : ==>  Preparing: SELECT id,user_id,item_id,num,name,spec,price,image,create_time,update_time FROM cart WHERE (user_id = ?)
20:56:02:104 DEBUG 28564 --- [http-nio-8082-exec-8] c.h.cart.mapper.CartMapper.selectList    : ==> Parameters: 1(Long)
20:56:02:107 DEBUG 28564 --- [http-nio-8082-exec-8] c.h.cart.mapper.CartMapper.selectList    : <==      Total: 1
20:56:05:427 DEBUG 28564 --- [http-nio-8082-exec-9] c.h.cart.mapper.CartMapper.updateById    : ==>  Preparing: UPDATE cart SET num=? WHERE id=?
20:56:05:427 DEBUG 28564 --- [http-nio-8082-exec-9] c.h.cart.mapper.CartMapper.updateById    : ==> Parameters: 3(Integer), 20(Long)
20:56:05:441 DEBUG 28564 --- [http-nio-8082-exec-9] c.h.cart.mapper.CartMapper.updateById    : <==    Updates: 1
20:56:05:452 DEBUG 28564 --- [http-nio-8082-exec-10] c.h.cart.mapper.CartMapper.selectList    : ==>  Preparing: SELECT id,user_id,item_id,num,name,spec,price,image,create_time,update_time FROM cart WHERE (user_id = ?)
20:56:05:452 DEBUG 28564 --- [http-nio-8082-exec-10] c.h.cart.mapper.CartMapper.selectList    : ==> Parameters: 1(Long)
20:56:05:454 DEBUG 28564 --- [http-nio-8082-exec-10] c.h.cart.mapper.CartMapper.selectList    : <==      Total: 1
20:57:23:151  INFO 28564 --- [nacos-grpc-client-executor-64] com.alibaba.nacos.common.remote.client   : [1a5ada66-ef8f-415f-a4ca-fd89b18e153e] Receive server push request, request = NotifySubscriberRequest, requestId = 16
20:57:23:152  INFO 28564 --- [nacos-grpc-client-executor-64] com.alibaba.nacos.common.remote.client   : [1a5ada66-ef8f-415f-a4ca-fd89b18e153e] Ack server push request, request = NotifySubscriberRequest, requestId = 16
20:57:35:996  INFO 28564 --- [nacos-grpc-client-executor-66] com.alibaba.nacos.common.remote.client   : [1a5ada66-ef8f-415f-a4ca-fd89b18e153e] Receive server push request, request = NotifySubscriberRequest, requestId = 17
20:57:36:000  INFO 28564 --- [nacos-grpc-client-executor-66] com.alibaba.nacos.common.remote.client   : [1a5ada66-ef8f-415f-a4ca-fd89b18e153e] Ack server push request, request = NotifySubscriberRequest, requestId = 17
20:57:43:837 DEBUG 28564 --- [http-nio-8082-exec-2] c.h.cart.mapper.CartMapper.selectList    : ==>  Preparing: SELECT id,user_id,item_id,num,name,spec,price,image,create_time,update_time FROM cart WHERE (user_id = ?)
20:57:43:838 DEBUG 28564 --- [http-nio-8082-exec-2] c.h.cart.mapper.CartMapper.selectList    : ==> Parameters: 1(Long)
20:57:43:841 DEBUG 28564 --- [http-nio-8082-exec-2] c.h.cart.mapper.CartMapper.selectList    : <==      Total: 1
20:57:46:728 DEBUG 28564 --- [http-nio-8082-exec-4] c.h.cart.mapper.CartMapper.selectList    : ==>  Preparing: SELECT id,user_id,item_id,num,name,spec,price,image,create_time,update_time FROM cart WHERE (user_id = ?)
20:57:46:730 DEBUG 28564 --- [http-nio-8082-exec-4] c.h.cart.mapper.CartMapper.selectList    : ==> Parameters: 1(Long)
20:57:46:731 DEBUG 28564 --- [http-nio-8082-exec-4] c.h.cart.mapper.CartMapper.selectList    : <==      Total: 1
20:57:48:432 DEBUG 28564 --- [http-nio-8082-exec-6] c.h.cart.mapper.CartMapper.selectList    : ==>  Preparing: SELECT id,user_id,item_id,num,name,spec,price,image,create_time,update_time FROM cart WHERE (user_id = ?)
20:57:48:432 DEBUG 28564 --- [http-nio-8082-exec-6] c.h.cart.mapper.CartMapper.selectList    : ==> Parameters: 1(Long)
20:57:48:435 DEBUG 28564 --- [http-nio-8082-exec-6] c.h.cart.mapper.CartMapper.selectList    : <==      Total: 1
20:57:50:603 DEBUG 28564 --- [http-nio-8082-exec-5] c.h.cart.mapper.CartMapper.updateById    : ==>  Preparing: UPDATE cart SET num=? WHERE id=?
20:57:50:604 DEBUG 28564 --- [http-nio-8082-exec-5] c.h.cart.mapper.CartMapper.updateById    : ==> Parameters: 4(Integer), 20(Long)
20:57:50:617 DEBUG 28564 --- [http-nio-8082-exec-5] c.h.cart.mapper.CartMapper.updateById    : <==    Updates: 1
20:57:50:626 DEBUG 28564 --- [http-nio-8082-exec-3] c.h.cart.mapper.CartMapper.selectList    : ==>  Preparing: SELECT id,user_id,item_id,num,name,spec,price,image,create_time,update_time FROM cart WHERE (user_id = ?)
20:57:50:626 DEBUG 28564 --- [http-nio-8082-exec-3] c.h.cart.mapper.CartMapper.selectList    : ==> Parameters: 1(Long)
20:57:50:628 DEBUG 28564 --- [http-nio-8082-exec-3] c.h.cart.mapper.CartMapper.selectList    : <==      Total: 1
20:57:50:955 DEBUG 28564 --- [http-nio-8082-exec-7] c.h.cart.mapper.CartMapper.updateById    : ==>  Preparing: UPDATE cart SET num=? WHERE id=?
20:57:50:955 DEBUG 28564 --- [http-nio-8082-exec-7] c.h.cart.mapper.CartMapper.updateById    : ==> Parameters: 4(Integer), 20(Long)
20:57:50:957 DEBUG 28564 --- [http-nio-8082-exec-7] c.h.cart.mapper.CartMapper.updateById    : <==    Updates: 1
20:57:50:967 DEBUG 28564 --- [http-nio-8082-exec-8] c.h.cart.mapper.CartMapper.selectList    : ==>  Preparing: SELECT id,user_id,item_id,num,name,spec,price,image,create_time,update_time FROM cart WHERE (user_id = ?)
20:57:50:967 DEBUG 28564 --- [http-nio-8082-exec-8] c.h.cart.mapper.CartMapper.selectList    : ==> Parameters: 1(Long)
20:57:50:970 DEBUG 28564 --- [http-nio-8082-exec-8] c.h.cart.mapper.CartMapper.selectList    : <==      Total: 1
20:57:51:781 DEBUG 28564 --- [http-nio-8082-exec-9] c.h.cart.mapper.CartMapper.updateById    : ==>  Preparing: UPDATE cart SET num=? WHERE id=?
20:57:51:781 DEBUG 28564 --- [http-nio-8082-exec-9] c.h.cart.mapper.CartMapper.updateById    : ==> Parameters: 3(Integer), 20(Long)
20:57:51:791 DEBUG 28564 --- [http-nio-8082-exec-9] c.h.cart.mapper.CartMapper.updateById    : <==    Updates: 1
20:57:51:802 DEBUG 28564 --- [http-nio-8082-exec-10] c.h.cart.mapper.CartMapper.selectList    : ==>  Preparing: SELECT id,user_id,item_id,num,name,spec,price,image,create_time,update_time FROM cart WHERE (user_id = ?)
20:57:51:802 DEBUG 28564 --- [http-nio-8082-exec-10] c.h.cart.mapper.CartMapper.selectList    : ==> Parameters: 1(Long)
20:57:51:805 DEBUG 28564 --- [http-nio-8082-exec-10] c.h.cart.mapper.CartMapper.selectList    : <==      Total: 1
20:57:52:158 DEBUG 28564 --- [http-nio-8082-exec-1] c.h.cart.mapper.CartMapper.updateById    : ==>  Preparing: UPDATE cart SET num=? WHERE id=?
20:57:52:158 DEBUG 28564 --- [http-nio-8082-exec-1] c.h.cart.mapper.CartMapper.updateById    : ==> Parameters: 3(Integer), 20(Long)
20:57:52:161 DEBUG 28564 --- [http-nio-8082-exec-1] c.h.cart.mapper.CartMapper.updateById    : <==    Updates: 1
20:57:52:170 DEBUG 28564 --- [http-nio-8082-exec-2] c.h.cart.mapper.CartMapper.selectList    : ==>  Preparing: SELECT id,user_id,item_id,num,name,spec,price,image,create_time,update_time FROM cart WHERE (user_id = ?)
20:57:52:170 DEBUG 28564 --- [http-nio-8082-exec-2] c.h.cart.mapper.CartMapper.selectList    : ==> Parameters: 1(Long)
20:57:52:173 DEBUG 28564 --- [http-nio-8082-exec-2] c.h.cart.mapper.CartMapper.selectList    : <==      Total: 1
