15:47:14:752  INFO 22336 --- [main] com.hmall.trade.TradeApplication         : The following 1 profile is active: "local"
15:47:15:593  INFO 22336 --- [main] o.s.cloud.context.scope.GenericScope     : BeanFactory id=077fe5d3-ac7c-371a-8744-ee74b641380b
15:47:15:732  INFO 22336 --- [main] trationDelegate$BeanPostProcessorChecker : Bean 'io.seata.spring.boot.autoconfigure.SeataCoreAutoConfiguration' of type [io.seata.spring.boot.autoconfigure.SeataCoreAutoConfiguration] is not eligible for getting processed by all BeanPostProcessors (for example: not eligible for auto-proxying)
15:47:15:733  INFO 22336 --- [main] trationDelegate$BeanPostProcessorChecker : Bean 'springApplicationContextProvider' of type [io.seata.spring.boot.autoconfigure.provider.SpringApplicationContextProvider] is not eligible for getting processed by all BeanPostProcessors (for example: not eligible for auto-proxying)
15:47:15:734  INFO 22336 --- [main] trationDelegate$BeanPostProcessorChecker : Bean 'io.seata.spring.boot.autoconfigure.SeataAutoConfiguration' of type [io.seata.spring.boot.autoconfigure.SeataAutoConfiguration] is not eligible for getting processed by all BeanPostProcessors (for example: not eligible for auto-proxying)
15:47:15:768  INFO 22336 --- [main] trationDelegate$BeanPostProcessorChecker : Bean 'failureHandler' of type [io.seata.tm.api.DefaultFailureHandlerImpl] is not eligible for getting processed by all BeanPostProcessors (for example: not eligible for auto-proxying)
15:47:15:773  INFO 22336 --- [main] trationDelegate$BeanPostProcessorChecker : Bean 'org.springframework.cloud.commons.config.CommonsConfigAutoConfiguration' of type [org.springframework.cloud.commons.config.CommonsConfigAutoConfiguration] is not eligible for getting processed by all BeanPostProcessors (for example: not eligible for auto-proxying)
15:47:15:775  INFO 22336 --- [main] trationDelegate$BeanPostProcessorChecker : Bean 'org.springframework.cloud.client.loadbalancer.LoadBalancerDefaultMappingsProviderAutoConfiguration' of type [org.springframework.cloud.client.loadbalancer.LoadBalancerDefaultMappingsProviderAutoConfiguration] is not eligible for getting processed by all BeanPostProcessors (for example: not eligible for auto-proxying)
15:47:15:776  INFO 22336 --- [main] trationDelegate$BeanPostProcessorChecker : Bean 'loadBalancerClientsDefaultsMappingsProvider' of type [org.springframework.cloud.client.loadbalancer.LoadBalancerDefaultMappingsProviderAutoConfiguration$$Lambda$566/0x0000000800637c40] is not eligible for getting processed by all BeanPostProcessors (for example: not eligible for auto-proxying)
15:47:15:776  INFO 22336 --- [main] trationDelegate$BeanPostProcessorChecker : Bean 'defaultsBindHandlerAdvisor' of type [org.springframework.cloud.commons.config.DefaultsBindHandlerAdvisor] is not eligible for getting processed by all BeanPostProcessors (for example: not eligible for auto-proxying)
15:47:15:781  INFO 22336 --- [main] trationDelegate$BeanPostProcessorChecker : Bean 'springCloudAlibabaConfiguration' of type [io.seata.spring.boot.autoconfigure.properties.SpringCloudAlibabaConfiguration] is not eligible for getting processed by all BeanPostProcessors (for example: not eligible for auto-proxying)
15:47:15:783  INFO 22336 --- [main] trationDelegate$BeanPostProcessorChecker : Bean 'seataProperties' of type [io.seata.spring.boot.autoconfigure.properties.SeataProperties] is not eligible for getting processed by all BeanPostProcessors (for example: not eligible for auto-proxying)
15:47:15:786  INFO 22336 --- [main] i.s.s.b.a.SeataAutoConfiguration         : Automatically configure Seata
15:47:15:862  INFO 22336 --- [main] io.seata.config.ConfigurationFactory     : load Configuration from :Spring Configuration
15:47:15:867  INFO 22336 --- [main] io.seata.config.ConfigurationFactory     : load Configuration from :Spring Configuration
15:47:15:941  INFO 22336 --- [main] i.s.s.a.GlobalTransactionScanner         : Initializing Global Transaction Clients ... 
15:47:16:028  INFO 22336 --- [main] i.s.core.rpc.netty.NettyClientBootstrap  : NettyClientBootstrap has started
15:47:16:278  INFO 22336 --- [main] com.alibaba.nacos.common.remote.client   : [RpcClientFactory] create a new rpc client of 00b3e970-6824-43be-9a63-57f2e9ecf657
15:47:16:278  INFO 22336 --- [main] com.alibaba.nacos.common.remote.client   : [00b3e970-6824-43be-9a63-57f2e9ecf657] RpcClient init label, labels = {module=naming, source=sdk}
15:47:16:280  INFO 22336 --- [main] com.alibaba.nacos.common.remote.client   : [00b3e970-6824-43be-9a63-57f2e9ecf657] RpcClient init, ServerListFactory = com.alibaba.nacos.client.naming.core.ServerListManager
15:47:16:280  INFO 22336 --- [main] com.alibaba.nacos.common.remote.client   : [00b3e970-6824-43be-9a63-57f2e9ecf657] Registry connection listener to current client:com.alibaba.nacos.client.naming.remote.gprc.redo.NamingGrpcRedoService
15:47:16:282  INFO 22336 --- [main] com.alibaba.nacos.common.remote.client   : [00b3e970-6824-43be-9a63-57f2e9ecf657] Register server push request handler:com.alibaba.nacos.client.naming.remote.gprc.NamingPushRequestHandler
15:47:16:282  INFO 22336 --- [main] com.alibaba.nacos.common.remote.client   : [00b3e970-6824-43be-9a63-57f2e9ecf657] Try to connect to server on start up, server: {serverIp = '192.168.147.136', server main port = 8848}
15:47:16:416  INFO 22336 --- [main] com.alibaba.nacos.common.remote.client   : [00b3e970-6824-43be-9a63-57f2e9ecf657] Success to connect to server [192.168.147.136:8848] on start up, connectionId = 1776584836216_192.168.147.1_52300
15:47:16:416  INFO 22336 --- [main] com.alibaba.nacos.common.remote.client   : [00b3e970-6824-43be-9a63-57f2e9ecf657] Register server push request handler:com.alibaba.nacos.common.remote.client.RpcClient$ConnectResetRequestHandler
15:47:16:416  INFO 22336 --- [main] com.alibaba.nacos.common.remote.client   : [00b3e970-6824-43be-9a63-57f2e9ecf657] Register server push request handler:com.alibaba.nacos.common.remote.client.RpcClient$$Lambda$474/0x0000000800426440
15:47:16:416  INFO 22336 --- [com.alibaba.nacos.client.remote.worker] com.alibaba.nacos.common.remote.client   : [00b3e970-6824-43be-9a63-57f2e9ecf657] Notify connected event to listeners.
15:47:16:454 ERROR 22336 --- [main] i.s.c.r.netty.NettyClientChannelManager  : no available service found in cluster 'default', please make sure registry config correct and keep your seata server running
15:47:16:455  INFO 22336 --- [main] i.s.s.a.GlobalTransactionScanner         : Transaction Manager Client is initialized. applicationId[trade-service] txServiceGroup[hmall]
15:47:16:464  INFO 22336 --- [main] io.seata.rm.datasource.AsyncWorker       : Async Commit Buffer Limit: 10000
15:47:16:464  INFO 22336 --- [main] i.s.rm.datasource.xa.ResourceManagerXA   : ResourceManagerXA init ...
15:47:16:472  INFO 22336 --- [main] i.s.core.rpc.netty.NettyClientBootstrap  : NettyClientBootstrap has started
15:47:16:472  INFO 22336 --- [main] i.s.s.a.GlobalTransactionScanner         : Resource Manager is initialized. applicationId[trade-service] txServiceGroup[hmall]
15:47:16:472  INFO 22336 --- [main] i.s.s.a.GlobalTransactionScanner         : Global Transaction Clients are initialized. 
15:47:16:474  INFO 22336 --- [main] trationDelegate$BeanPostProcessorChecker : Bean 'io.seata.spring.boot.autoconfigure.SeataDataSourceAutoConfiguration' of type [io.seata.spring.boot.autoconfigure.SeataDataSourceAutoConfiguration] is not eligible for getting processed by all BeanPostProcessors (for example: not eligible for auto-proxying)
15:47:16:554  INFO 22336 --- [main] trationDelegate$BeanPostProcessorChecker : Bean 'com.alibaba.cloud.seata.feign.SeataFeignClientAutoConfiguration$FeignBeanPostProcessorConfiguration' of type [com.alibaba.cloud.seata.feign.SeataFeignClientAutoConfiguration$FeignBeanPostProcessorConfiguration] is not eligible for getting processed by all BeanPostProcessors (for example: not eligible for auto-proxying)
15:47:16:557  INFO 22336 --- [main] trationDelegate$BeanPostProcessorChecker : Bean 'seataFeignObjectWrapper' of type [com.alibaba.cloud.seata.feign.SeataFeignObjectWrapper] is not eligible for getting processed by all BeanPostProcessors (for example: not eligible for auto-proxying)
15:47:16:773  INFO 22336 --- [main] o.s.b.w.embedded.tomcat.TomcatWebServer  : Tomcat initialized with port(s): 8084 (http)
15:47:16:773  INFO 22336 --- [main] o.a.catalina.core.AprLifecycleListener   : An older version [1.2.25] of the Apache Tomcat Native library is installed, while Tomcat recommends a minimum version of [1.2.30]
15:47:16:774  INFO 22336 --- [main] o.a.catalina.core.AprLifecycleListener   : Loaded Apache Tomcat Native library [1.2.25] using APR version [1.7.0].
15:47:16:774  INFO 22336 --- [main] o.a.catalina.core.AprLifecycleListener   : APR capabilities: IPv6 [true], sendfile [true], accept filters [false], random [true], UDS [false].
15:47:16:774  INFO 22336 --- [main] o.a.catalina.core.AprLifecycleListener   : APR/OpenSSL configuration: useAprConnector [false], useOpenSSL [true]
15:47:16:778  INFO 22336 --- [main] o.a.catalina.core.AprLifecycleListener   : OpenSSL successfully initialized [OpenSSL 1.1.1g  21 Apr 2020]
15:47:16:786  INFO 22336 --- [main] o.apache.catalina.core.StandardService   : Starting service [Tomcat]
15:47:16:786  INFO 22336 --- [main] org.apache.catalina.core.StandardEngine  : Starting Servlet engine: [Apache Tomcat/9.0.75]
15:47:16:981  INFO 22336 --- [nacos-grpc-client-executor-5] com.alibaba.nacos.common.remote.client   : [00b3e970-6824-43be-9a63-57f2e9ecf657] Receive server push request, request = NotifySubscriberRequest, requestId = 8
15:47:16:984  INFO 22336 --- [nacos-grpc-client-executor-5] com.alibaba.nacos.common.remote.client   : [00b3e970-6824-43be-9a63-57f2e9ecf657] Ack server push request, request = NotifySubscriberRequest, requestId = 8
15:47:17:051  INFO 22336 --- [main] o.a.c.c.C.[Tomcat].[localhost].[/]       : Initializing Spring embedded WebApplicationContext
15:47:17:052  INFO 22336 --- [main] w.s.c.ServletWebServerApplicationContext : Root WebApplicationContext: initialization completed in 2284 ms
15:47:17:244  INFO 22336 --- [main] o.s.c.openfeign.FeignClientFactoryBean   : For 'item-service' URL not provided. Will try picking an instance via load-balancing.
15:47:17:304  INFO 22336 --- [main] o.s.c.openfeign.FeignClientFactoryBean   : For 'cart-service' URL not provided. Will try picking an instance via load-balancing.
15:47:17:424  INFO 22336 --- [main] com.zaxxer.hikari.HikariDataSource       : HikariPool-1 - Starting...
15:47:17:811  INFO 22336 --- [main] com.zaxxer.hikari.HikariDataSource       : HikariPool-1 - Start completed.
15:47:17:883 ERROR 22336 --- [main] i.s.c.r.netty.NettyClientChannelManager  : no available service found in cluster 'default', please make sure registry config correct and keep your seata server running
15:47:18:646  INFO 22336 --- [main] i.s.s.a.GlobalTransactionScanner         : Bean[com.hmall.trade.service.impl.OrderServiceImpl$$EnhancerBySpringCGLIB$$ffa54dc2] with name [orderServiceImpl] would use interceptor [io.seata.spring.annotation.GlobalTransactionalInterceptor]
15:47:19:359  INFO 22336 --- [main] pertySourcedRequestMappingHandlerMapping : Mapped URL path [/v2/api-docs] onto method [springfox.documentation.swagger2.web.Swagger2ControllerWebMvc#getDocumentation(String, HttpServletRequest)]
15:47:19:916  INFO 22336 --- [main] com.alibaba.nacos.common.remote.client   : [RpcClientFactory] create a new rpc client of 9d523003-7366-4d9b-b7e1-1203f8880d55
15:47:19:916  INFO 22336 --- [main] com.alibaba.nacos.common.remote.client   : [9d523003-7366-4d9b-b7e1-1203f8880d55] RpcClient init label, labels = {module=naming, source=sdk}
15:47:19:918  INFO 22336 --- [main] com.alibaba.nacos.common.remote.client   : [9d523003-7366-4d9b-b7e1-1203f8880d55] RpcClient init, ServerListFactory = com.alibaba.nacos.client.naming.core.ServerListManager
15:47:19:918  INFO 22336 --- [main] com.alibaba.nacos.common.remote.client   : [9d523003-7366-4d9b-b7e1-1203f8880d55] Registry connection listener to current client:com.alibaba.nacos.client.naming.remote.gprc.redo.NamingGrpcRedoService
15:47:19:918  INFO 22336 --- [main] com.alibaba.nacos.common.remote.client   : [9d523003-7366-4d9b-b7e1-1203f8880d55] Register server push request handler:com.alibaba.nacos.client.naming.remote.gprc.NamingPushRequestHandler
15:47:19:918  INFO 22336 --- [main] com.alibaba.nacos.common.remote.client   : [9d523003-7366-4d9b-b7e1-1203f8880d55] Try to connect to server on start up, server: {serverIp = '192.168.147.136', server main port = 8848}
15:47:20:056  INFO 22336 --- [main] com.alibaba.nacos.common.remote.client   : [9d523003-7366-4d9b-b7e1-1203f8880d55] Success to connect to server [192.168.147.136:8848] on start up, connectionId = 1776584839848_192.168.147.1_54567
15:47:20:056  INFO 22336 --- [main] com.alibaba.nacos.common.remote.client   : [9d523003-7366-4d9b-b7e1-1203f8880d55] Register server push request handler:com.alibaba.nacos.common.remote.client.RpcClient$ConnectResetRequestHandler
15:47:20:056  INFO 22336 --- [main] com.alibaba.nacos.common.remote.client   : [9d523003-7366-4d9b-b7e1-1203f8880d55] Register server push request handler:com.alibaba.nacos.common.remote.client.RpcClient$$Lambda$474/0x0000000800426440
15:47:20:056  INFO 22336 --- [com.alibaba.nacos.client.remote.worker] com.alibaba.nacos.common.remote.client   : [9d523003-7366-4d9b-b7e1-1203f8880d55] Notify connected event to listeners.
15:47:20:077  INFO 22336 --- [main] o.s.b.w.embedded.tomcat.TomcatWebServer  : Tomcat started on port(s): 8084 (http) with context path ''
15:47:20:091  INFO 22336 --- [main] c.a.c.n.registry.NacosServiceRegistry    : nacos registry, DEFAULT_GROUP trade-service 192.168.238.250:8084 register finished
15:47:20:507  INFO 22336 --- [main] d.s.w.p.DocumentationPluginsBootstrapper : Documentation plugins bootstrapped
15:47:20:510  INFO 22336 --- [main] d.s.w.p.DocumentationPluginsBootstrapper : Found 1 custom documentation plugin(s)
15:47:20:523  INFO 22336 --- [main] s.d.s.w.s.ApiListingReferenceScanner     : Scanning for api listing references
15:47:20:584  INFO 22336 --- [nacos-grpc-client-executor-8] com.alibaba.nacos.common.remote.client   : [9d523003-7366-4d9b-b7e1-1203f8880d55] Receive server push request, request = NotifySubscriberRequest, requestId = 9
15:47:20:587  INFO 22336 --- [main] com.hmall.trade.TradeApplication         : Started TradeApplication in 9.159 seconds (JVM running for 10.225)
15:47:20:588  INFO 22336 --- [nacos-grpc-client-executor-8] com.alibaba.nacos.common.remote.client   : [9d523003-7366-4d9b-b7e1-1203f8880d55] Ack server push request, request = NotifySubscriberRequest, requestId = 9
15:47:20:593  INFO 22336 --- [main] c.a.c.n.refresh.NacosContextRefresher    : [Nacos Config] Listening config: dataId=trade-service, group=DEFAULT_GROUP
15:47:20:596  INFO 22336 --- [main] c.a.c.n.refresh.NacosContextRefresher    : [Nacos Config] Listening config: dataId=trade-service-local.yaml, group=DEFAULT_GROUP
15:47:20:596  INFO 22336 --- [main] c.a.c.n.refresh.NacosContextRefresher    : [Nacos Config] Listening config: dataId=trade-service.yaml, group=DEFAULT_GROUP
